<?xml version="1.0" encoding="UTF-8"?>
<testsuite name="com.bezkoder.spring.jpa.postgresql.SpringBootJpaPostgresqlApplicationTests" tests="1" skipped="0" failures="0" errors="0" timestamp="2026-04-12T13:07:59" hostname="NIS-PK564.local" time="0.639">
  <properties/>
  <testcase name="contextLoads()" classname="com.bezkoder.spring.jpa.postgresql.SpringBootJpaPostgresqlApplicationTests" time="0.639"/>
  <system-out><![CDATA[18:07:54.300 [Test worker] INFO org.springframework.test.context.support.AnnotationConfigContextLoaderUtils -- Could not detect default configuration classes for test class [com.bezkoder.spring.jpa.postgresql.SpringBootJpaPostgresqlApplicationTests]: SpringBootJpaPostgresqlApplicationTests does not declare any static, non-private, non-final, nested classes annotated with @Configuration.
18:07:54.388 [Test worker] INFO org.springframework.boot.test.context.SpringBootTestContextBootstrapper -- Found @SpringBootConfiguration com.bezkoder.spring.jpa.postgresql.SpringBootJpaPostgresqlApplication for test class com.bezkoder.spring.jpa.postgresql.SpringBootJpaPostgresqlApplicationTests

  .   ____          _            __ _ _
 /\\ / ___'_ __ _ _(_)_ __  __ _ \ \ \ \
( ( )\___ | '_ | '_| | '_ \/ _` | \ \ \ \
 \\/  ___)| |_)| | | | | || (_| |  ) ) ) )
  '  |____| .__|_| |_|_| |_\__, | / / / /
 =========|_|==============|___/=/_/_/_/
 :: Spring Boot ::                (v3.2.5)

2026-04-12T18:07:54.747+05:00  INFO 26013 --- [    Test worker] .SpringBootJpaPostgresqlApplicationTests : Starting SpringBootJpaPostgresqlApplicationTests using Java 17.0.18 with PID 26013 (started by mashir in /Users/mashir/Documents/DevOps Asgn 09 - Monitoring/devops-monitoring-assignment/app)
2026-04-12T18:07:54.749+05:00  INFO 26013 --- [    Test worker] .SpringBootJpaPostgresqlApplicationTests : No active profile set, falling back to 1 default profile: "default"
2026-04-12T18:07:55.524+05:00  INFO 26013 --- [    Test worker] .s.d.r.c.RepositoryConfigurationDelegate : Bootstrapping Spring Data JPA repositories in DEFAULT mode.
2026-04-12T18:07:55.588+05:00  INFO 26013 --- [    Test worker] .s.d.r.c.RepositoryConfigurationDelegate : Finished Spring Data repository scanning in 55 ms. Found 1 JPA repository interface.
2026-04-12T18:07:56.174+05:00  INFO 26013 --- [    Test worker] o.hibernate.jpa.internal.util.LogHelper  : HHH000204: Processing PersistenceUnitInfo [name: default]
2026-04-12T18:07:56.224+05:00  INFO 26013 --- [    Test worker] org.hibernate.Version                    : HHH000412: Hibernate ORM core version 6.4.4.Final
2026-04-12T18:07:56.251+05:00  INFO 26013 --- [    Test worker] o.h.c.internal.RegionFactoryInitiator    : HHH000026: Second-level cache disabled
2026-04-12T18:07:56.465+05:00  INFO 26013 --- [    Test worker] o.s.o.j.p.SpringPersistenceUnitInfo      : No LoadTimeWeaver setup: ignoring JPA class transformer
2026-04-12T18:07:56.494+05:00  INFO 26013 --- [    Test worker] com.zaxxer.hikari.HikariDataSource       : HikariPool-1 - Starting...
2026-04-12T18:07:56.716+05:00  INFO 26013 --- [    Test worker] com.zaxxer.hikari.pool.HikariPool        : HikariPool-1 - Added connection org.postgresql.jdbc.PgConnection@8ce3f27
2026-04-12T18:07:56.717+05:00  INFO 26013 --- [    Test worker] com.zaxxer.hikari.HikariDataSource       : HikariPool-1 - Start completed.
2026-04-12T18:07:57.496+05:00  INFO 26013 --- [    Test worker] o.h.e.t.j.p.i.JtaPlatformInitiator       : HHH000489: No JTA platform available (set 'hibernate.transaction.jta.platform' to enable JTA platform integration)
2026-04-12T18:07:57.556+05:00  INFO 26013 --- [    Test worker] j.LocalContainerEntityManagerFactoryBean : Initialized JPA EntityManagerFactory for persistence unit 'default'
2026-04-12T18:07:58.108+05:00  WARN 26013 --- [    Test worker] JpaBaseConfiguration$JpaWebConfiguration : spring.jpa.open-in-view is enabled by default. Therefore, database queries may be performed during view rendering. Explicitly configure spring.jpa.open-in-view to disable this warning
2026-04-12T18:07:59.001+05:00  INFO 26013 --- [    Test worker] o.s.b.a.e.web.EndpointLinksResolver      : Exposing 13 endpoint(s) beneath base path '/actuator'
2026-04-12T18:07:59.090+05:00  INFO 26013 --- [    Test worker] .SpringBootJpaPostgresqlApplicationTests : Started SpringBootJpaPostgresqlApplicationTests in 4.571 seconds (process running for 5.623)
]]></system-out>
  <system-err><![CDATA[]]></system-err>
</testsuite>
